[2020-06-16 20:15:58.337] [exthost] [info] extension host started
[2020-06-16 20:15:59.145] [exthost] [info] extension host started
[2020-06-16 20:15:59.277] [exthost] [info] ExtensionService#_doActivateExtension vscode.configuration-editing {"startup":false,"extensionId":{"value":"vscode.configuration-editing","_lower":"vscode.configuration-editing"},"activationEvent":"onLanguage:jsonc"}
[2020-06-16 20:15:59.279] [exthost] [info] ExtensionService#loadCommonJSModule file:///c:/Users/Ansari/AppData/Local/Angular IDE/plugins/com.genuitec.eclipse.code.engine.app.win32.x86_64_3.6.0.202002212104/engine/resources/app/extensions/configuration-editing/dist/extension
[2020-06-16 20:15:59.608] [exthost] [info] ExtensionService#_doActivateExtension vscode.json-language-features {"startup":false,"extensionId":{"value":"vscode.json-language-features","_lower":"vscode.json-language-features"},"activationEvent":"onLanguage:jsonc"}
[2020-06-16 20:15:59.608] [exthost] [info] ExtensionService#loadCommonJSModule file:///c:/Users/Ansari/AppData/Local/Angular IDE/plugins/com.genuitec.eclipse.code.engine.app.win32.x86_64_3.6.0.202002212104/engine/resources/app/extensions/json-language-features/client/dist/jsonMain
[2020-06-16 20:16:00.136] [exthost] [info] ExtensionService#_doActivateExtension vscode.typescript-language-features {"startup":false,"extensionId":{"value":"vscode.typescript-language-features","_lower":"vscode.typescript-language-features"},"activationEvent":"onLanguage:jsonc"}
[2020-06-16 20:16:00.136] [exthost] [info] ExtensionService#loadCommonJSModule file:///c:/Users/Ansari/AppData/Local/Angular IDE/plugins/com.genuitec.eclipse.code.engine.app.win32.x86_64_3.6.0.202002212104/engine/resources/app/extensions/typescript-language-features/dist/extension
[2020-06-16 20:16:00.804] [exthost] [info] ExtensionService#_doActivateExtension vscode.grunt {"startup":false,"extensionId":{"value":"vscode.grunt","_lower":"vscode.grunt"},"activationEvent":"onCommand:workbench.action.tasks.runTask"}
[2020-06-16 20:16:00.804] [exthost] [info] ExtensionService#loadCommonJSModule file:///c:/Users/Ansari/AppData/Local/Angular IDE/plugins/com.genuitec.eclipse.code.engine.app.win32.x86_64_3.6.0.202002212104/engine/resources/app/extensions/grunt/dist/main
[2020-06-16 20:16:00.985] [exthost] [info] ExtensionService#_doActivateExtension vscode.gulp {"startup":false,"extensionId":{"value":"vscode.gulp","_lower":"vscode.gulp"},"activationEvent":"onCommand:workbench.action.tasks.runTask"}
[2020-06-16 20:16:00.985] [exthost] [info] ExtensionService#loadCommonJSModule file:///c:/Users/Ansari/AppData/Local/Angular IDE/plugins/com.genuitec.eclipse.code.engine.app.win32.x86_64_3.6.0.202002212104/engine/resources/app/extensions/gulp/dist/main
[2020-06-16 20:16:01.064] [exthost] [info] ExtensionService#_doActivateExtension vscode.jake {"startup":false,"extensionId":{"value":"vscode.jake","_lower":"vscode.jake"},"activationEvent":"onCommand:workbench.action.tasks.runTask"}
[2020-06-16 20:16:01.065] [exthost] [info] ExtensionService#loadCommonJSModule file:///c:/Users/Ansari/AppData/Local/Angular IDE/plugins/com.genuitec.eclipse.code.engine.app.win32.x86_64_3.6.0.202002212104/engine/resources/app/extensions/jake/dist/main
[2020-06-16 20:16:01.175] [exthost] [info] ExtensionService#_doActivateExtension vscode.npm {"startup":false,"extensionId":{"value":"vscode.npm","_lower":"vscode.npm"},"activationEvent":"onCommand:workbench.action.tasks.runTask"}
[2020-06-16 20:16:01.175] [exthost] [info] ExtensionService#loadCommonJSModule file:///c:/Users/Ansari/AppData/Local/Angular IDE/plugins/com.genuitec.eclipse.code.engine.app.win32.x86_64_3.6.0.202002212104/engine/resources/app/extensions/npm/dist/main
[2020-06-16 20:16:01.454] [exthost] [info] ExtensionService#_doActivateExtension HookyQR.beautify {"startup":true,"extensionId":{"value":"HookyQR.beautify","_lower":"hookyqr.beautify"},"activationEvent":"*"}
[2020-06-16 20:16:01.454] [exthost] [info] ExtensionService#loadCommonJSModule file:///c:/Users/Ansari/AppData/Local/Angular IDE/plugins/pack.core.win_3.6.0.202001241725/HookyQR.beautify-1.4.11/extension
[2020-06-16 20:16:09.224] [exthost] [info] ExtensionService#_doActivateExtension christian-kohler.path-intellisense {"startup":true,"extensionId":{"value":"christian-kohler.path-intellisense","_lower":"christian-kohler.path-intellisense"},"activationEvent":"*"}
[2020-06-16 20:16:09.224] [exthost] [info] ExtensionService#loadCommonJSModule file:///c:/Users/Ansari/AppData/Local/Angular IDE/plugins/pack.core.win_3.6.0.202001241725/christian-kohler.path-intellisense-1.4.2/out/src/extension
[2020-06-16 20:16:10.134] [exthost] [info] ExtensionService#_doActivateExtension dbaeumer.vscode-eslint {"startup":true,"extensionId":{"value":"dbaeumer.vscode-eslint","_lower":"dbaeumer.vscode-eslint"},"activationEvent":"*"}
[2020-06-16 20:16:10.134] [exthost] [info] ExtensionService#loadCommonJSModule file:///c:/Users/Ansari/AppData/Local/Angular IDE/plugins/pack.core.win_3.6.0.202001241725/dbaeumer.vscode-eslint-1.9.0/client/out/extension
[2020-06-16 20:16:10.340] [exthost] [info] ExtensionService#_doActivateExtension vscode.debug-auto-launch {"startup":true,"extensionId":{"value":"vscode.debug-auto-launch","_lower":"vscode.debug-auto-launch"},"activationEvent":"*"}
[2020-06-16 20:16:10.341] [exthost] [info] ExtensionService#loadCommonJSModule file:///c:/Users/Ansari/AppData/Local/Angular IDE/plugins/com.genuitec.eclipse.code.engine.app.win32.x86_64_3.6.0.202002212104/engine/resources/app/extensions/debug-auto-launch/dist/extension
[2020-06-16 20:16:10.575] [exthost] [info] ExtensionService#_doActivateExtension vscode.emmet {"startup":true,"extensionId":{"value":"vscode.emmet","_lower":"vscode.emmet"},"activationEvent":"*"}
[2020-06-16 20:16:10.575] [exthost] [info] ExtensionService#loadCommonJSModule file:///c:/Users/Ansari/AppData/Local/Angular IDE/plugins/com.genuitec.eclipse.code.engine.app.win32.x86_64_3.6.0.202002212104/engine/resources/app/extensions/emmet/dist/extension
[2020-06-16 20:16:10.903] [exthost] [info] ExtensionService#_doActivateExtension formulahendry.auto-close-tag {"startup":true,"extensionId":{"value":"formulahendry.auto-close-tag","_lower":"formulahendry.auto-close-tag"},"activationEvent":"*"}
[2020-06-16 20:16:10.903] [exthost] [info] ExtensionService#loadCommonJSModule file:///c:/Users/Ansari/AppData/Local/Angular IDE/plugins/pack.core.win_3.6.0.202001241725/formulahendry.auto-close-tag-0.5.6/out/src/extension
[2020-06-16 20:16:11.753] [exthost] [info] eager extensions activated
[2020-06-16 20:21:38.660] [exthost] [info] extension host started
[2020-06-16 20:21:38.768] [exthost] [info] ExtensionService#_doActivateExtension vscode.configuration-editing {"startup":false,"extensionId":{"value":"vscode.configuration-editing","_lower":"vscode.configuration-editing"},"activationEvent":"onLanguage:jsonc"}
[2020-06-16 20:21:38.769] [exthost] [info] ExtensionService#loadCommonJSModule file:///c:/Users/Ansari/AppData/Local/Angular IDE/plugins/com.genuitec.eclipse.code.engine.app.win32.x86_64_3.6.0.202002212104/engine/resources/app/extensions/configuration-editing/dist/extension
[2020-06-16 20:21:38.824] [exthost] [info] ExtensionService#_doActivateExtension vscode.json-language-features {"startup":false,"extensionId":{"value":"vscode.json-language-features","_lower":"vscode.json-language-features"},"activationEvent":"onLanguage:jsonc"}
[2020-06-16 20:21:38.824] [exthost] [info] ExtensionService#loadCommonJSModule file:///c:/Users/Ansari/AppData/Local/Angular IDE/plugins/com.genuitec.eclipse.code.engine.app.win32.x86_64_3.6.0.202002212104/engine/resources/app/extensions/json-language-features/client/dist/jsonMain
[2020-06-16 20:21:38.959] [exthost] [info] ExtensionService#_doActivateExtension vscode.typescript-language-features {"startup":false,"extensionId":{"value":"vscode.typescript-language-features","_lower":"vscode.typescript-language-features"},"activationEvent":"onLanguage:jsonc"}
[2020-06-16 20:21:38.959] [exthost] [info] ExtensionService#loadCommonJSModule file:///c:/Users/Ansari/AppData/Local/Angular IDE/plugins/com.genuitec.eclipse.code.engine.app.win32.x86_64_3.6.0.202002212104/engine/resources/app/extensions/typescript-language-features/dist/extension
[2020-06-16 20:21:39.026] [exthost] [info] ExtensionService#_doActivateExtension vscode.grunt {"startup":false,"extensionId":{"value":"vscode.grunt","_lower":"vscode.grunt"},"activationEvent":"onCommand:workbench.action.tasks.runTask"}
[2020-06-16 20:21:39.027] [exthost] [info] ExtensionService#loadCommonJSModule file:///c:/Users/Ansari/AppData/Local/Angular IDE/plugins/com.genuitec.eclipse.code.engine.app.win32.x86_64_3.6.0.202002212104/engine/resources/app/extensions/grunt/dist/main
[2020-06-16 20:21:39.080] [exthost] [info] ExtensionService#_doActivateExtension vscode.gulp {"startup":false,"extensionId":{"value":"vscode.gulp","_lower":"vscode.gulp"},"activationEvent":"onCommand:workbench.action.tasks.runTask"}
[2020-06-16 20:21:39.080] [exthost] [info] ExtensionService#loadCommonJSModule file:///c:/Users/Ansari/AppData/Local/Angular IDE/plugins/com.genuitec.eclipse.code.engine.app.win32.x86_64_3.6.0.202002212104/engine/resources/app/extensions/gulp/dist/main
[2020-06-16 20:21:39.101] [exthost] [info] ExtensionService#_doActivateExtension vscode.jake {"startup":false,"extensionId":{"value":"vscode.jake","_lower":"vscode.jake"},"activationEvent":"onCommand:workbench.action.tasks.runTask"}
[2020-06-16 20:21:39.101] [exthost] [info] ExtensionService#loadCommonJSModule file:///c:/Users/Ansari/AppData/Local/Angular IDE/plugins/com.genuitec.eclipse.code.engine.app.win32.x86_64_3.6.0.202002212104/engine/resources/app/extensions/jake/dist/main
[2020-06-16 20:21:39.137] [exthost] [info] ExtensionService#_doActivateExtension vscode.npm {"startup":false,"extensionId":{"value":"vscode.npm","_lower":"vscode.npm"},"activationEvent":"onCommand:workbench.action.tasks.runTask"}
[2020-06-16 20:21:39.137] [exthost] [info] ExtensionService#loadCommonJSModule file:///c:/Users/Ansari/AppData/Local/Angular IDE/plugins/com.genuitec.eclipse.code.engine.app.win32.x86_64_3.6.0.202002212104/engine/resources/app/extensions/npm/dist/main
[2020-06-16 20:21:39.211] [exthost] [info] ExtensionService#_doActivateExtension HookyQR.beautify {"startup":true,"extensionId":{"value":"HookyQR.beautify","_lower":"hookyqr.beautify"},"activationEvent":"*"}
[2020-06-16 20:21:39.211] [exthost] [info] ExtensionService#loadCommonJSModule file:///c:/Users/Ansari/AppData/Local/Angular IDE/plugins/pack.core.win_3.6.0.202001241725/HookyQR.beautify-1.4.11/extension
[2020-06-16 20:21:40.578] [exthost] [info] ExtensionService#_doActivateExtension christian-kohler.path-intellisense {"startup":true,"extensionId":{"value":"christian-kohler.path-intellisense","_lower":"christian-kohler.path-intellisense"},"activationEvent":"*"}
[2020-06-16 20:21:40.578] [exthost] [info] ExtensionService#loadCommonJSModule file:///c:/Users/Ansari/AppData/Local/Angular IDE/plugins/pack.core.win_3.6.0.202001241725/christian-kohler.path-intellisense-1.4.2/out/src/extension
[2020-06-16 20:21:40.839] [exthost] [info] ExtensionService#_doActivateExtension dbaeumer.vscode-eslint {"startup":true,"extensionId":{"value":"dbaeumer.vscode-eslint","_lower":"dbaeumer.vscode-eslint"},"activationEvent":"*"}
[2020-06-16 20:21:40.839] [exthost] [info] ExtensionService#loadCommonJSModule file:///c:/Users/Ansari/AppData/Local/Angular IDE/plugins/pack.core.win_3.6.0.202001241725/dbaeumer.vscode-eslint-1.9.0/client/out/extension
[2020-06-16 20:21:40.914] [exthost] [info] ExtensionService#_doActivateExtension vscode.debug-auto-launch {"startup":true,"extensionId":{"value":"vscode.debug-auto-launch","_lower":"vscode.debug-auto-launch"},"activationEvent":"*"}
[2020-06-16 20:21:40.914] [exthost] [info] ExtensionService#loadCommonJSModule file:///c:/Users/Ansari/AppData/Local/Angular IDE/plugins/com.genuitec.eclipse.code.engine.app.win32.x86_64_3.6.0.202002212104/engine/resources/app/extensions/debug-auto-launch/dist/extension
[2020-06-16 20:21:40.963] [exthost] [info] ExtensionService#_doActivateExtension vscode.emmet {"startup":true,"extensionId":{"value":"vscode.emmet","_lower":"vscode.emmet"},"activationEvent":"*"}
[2020-06-16 20:21:40.963] [exthost] [info] ExtensionService#loadCommonJSModule file:///c:/Users/Ansari/AppData/Local/Angular IDE/plugins/com.genuitec.eclipse.code.engine.app.win32.x86_64_3.6.0.202002212104/engine/resources/app/extensions/emmet/dist/extension
[2020-06-16 20:21:41.072] [exthost] [info] ExtensionService#_doActivateExtension formulahendry.auto-close-tag {"startup":true,"extensionId":{"value":"formulahendry.auto-close-tag","_lower":"formulahendry.auto-close-tag"},"activationEvent":"*"}
[2020-06-16 20:21:41.072] [exthost] [info] ExtensionService#loadCommonJSModule file:///c:/Users/Ansari/AppData/Local/Angular IDE/plugins/pack.core.win_3.6.0.202001241725/formulahendry.auto-close-tag-0.5.6/out/src/extension
[2020-06-16 20:21:41.180] [exthost] [info] eager extensions activated
